This file contains any messages produced by compilers while
running configure, to aid debugging if configure makes a mistake.

It was created by Cactid Poller configure 0.8.6j, which was
generated by GNU Autoconf 2.61.  Invocation command line was

  $ ./configure --no-create --no-recursion

## --------- ##
## Platform. ##
## --------- ##

hostname = ladams
uname -m = i686
uname -r = 1.5.24(0.156/4/2)
uname -s = CYGWIN_NT-5.1
uname -v = 2007-01-31 10:57

/usr/bin/uname -p = unknown
/bin/uname -X     = unknown

/bin/arch              = i686
/usr/bin/arch -k       = i686
/usr/convex/getsysinfo = unknown
/usr/bin/hostinfo      = unknown
/bin/machine           = unknown
/usr/bin/oslevel       = unknown
/bin/universe          = unknown

PATH: /usr/local/bin
PATH: /usr/bin
PATH: /bin
PATH: /usr/X11R6/bin
PATH: /cygdrive/c/WINDOWS/system32
PATH: /cygdrive/c/WINDOWS
PATH: /cygdrive/c/WINDOWS/system32/WBEM
PATH: /cygdrive/c/Program Files/ThinkPad/Utilities
PATH: /cygdrive/c/Program Files/Intel/Wireless/Bin/
PATH: /cygdrive/c/WINDOWS/Downloaded Program Files
PATH: /cygdrive/c/Program Files/Microsoft SQL Server/80/Tools/Binn/
PATH: /cygdrive/c/Program Files/Intel/Wireless/Bin/
PATH: /cygdrive/c/Program Files/Intel/Wireless/Bin/
PATH: /cygdrive/c/progra~1/php
PATH: /cygdrive/c/Program Files/Java/j2re1.4.2_12/bin
PATH: /usr/bin
PATH: /cygdrive/c/Program Files/Intel/Wireless/Bin/
PATH: /cygdrive/c/Program Files/ThinkPad/ConnectUtilities
PATH: /cygdrive/c/Program Files/Net-SNMP/bin
PATH: /cygdrive/c/Program Files/Intel/Wireless/Bin/
PATH: /cygdrive/c/Program Files/Intel/Wireless/Bin/
PATH: /cygdrive/c/Program Files/MySQL/MySQL Server 5.0/bin
PATH: /usr/lib/lapack


## ----------- ##
## Core tests. ##
## ----------- ##

configure:1784: checking build system type
configure:1802: result: i686-pc-cygwin
configure:1824: checking host system type
configure:1839: result: i686-pc-cygwin
configure:1884: checking for a BSD-compatible install
configure:1940: result: /usr/bin/install -c
configure:1951: checking whether build environment is sane
configure:1994: result: yes
configure:2027: checking for gawk
configure:2043: found /usr/bin/gawk
configure:2054: result: gawk
configure:2065: checking whether make sets $(MAKE)
configure:2086: result: yes
configure:2314: checking for gawk
configure:2341: result: gawk
configure:2400: checking for gcc
configure:2416: found /usr/bin/gcc
configure:2427: result: gcc
configure:2665: checking for C compiler version
configure:2672: gcc --version >&5
gcc (GCC) 3.4.4 (cygming special, gdc 0.12, using dmd 0.125)
Copyright (C) 2004 Free Software Foundation, Inc.
This is free software; see the source for copying conditions.  There is NO
warranty; not even for MERCHANTABILITY or FITNESS FOR A PARTICULAR PURPOSE.

configure:2675: $? = 0
configure:2682: gcc -v >&5
Reading specs from /usr/lib/gcc/i686-pc-cygwin/3.4.4/specs
Configured with: /usr/build/package/orig/test.respin/gcc-3.4.4-3/configure --verbose --prefix=/usr --exec-prefix=/usr --sysconfdir=/etc --libdir=/usr/lib --libexecdir=/usr/lib --mandir=/usr/share/man --infodir=/usr/share/info --enable-languages=c,ada,c++,d,f77,pascal,java,objc --enable-nls --without-included-gettext --enable-version-specific-runtime-libs --without-x --enable-libgcj --disable-java-awt --with-system-zlib --enable-interpreter --disable-libgcj-debug --enable-threads=posix --enable-java-gc=boehm --disable-win32-registry --enable-sjlj-exceptions --enable-hash-synchronization --enable-libstdcxx-debug
Thread model: posix
gcc version 3.4.4 (cygming special, gdc 0.12, using dmd 0.125)
configure:2685: $? = 0
configure:2692: gcc -V >&5
gcc: `-V' option must have argument
configure:2695: $? = 1
configure:2718: checking for C compiler default output file name
configure:2745: gcc    conftest.c  >&5
configure:2748: $? = 0
configure:2786: result: a.exe
configure:2803: checking whether the C compiler works
configure:2813: ./a.exe
configure:2816: $? = 0
configure:2833: result: yes
configure:2840: checking whether we are cross compiling
configure:2842: result: no
configure:2845: checking for suffix of executables
configure:2852: gcc -o conftest.exe    conftest.c  >&5
configure:2855: $? = 0
configure:2879: result: .exe
configure:2885: checking for suffix of object files
configure:2911: gcc -c   conftest.c >&5
configure:2914: $? = 0
configure:2937: result: o
configure:2941: checking whether we are using the GNU C compiler
configure:2970: gcc -c   conftest.c >&5
configure:2976: $? = 0
configure:2993: result: yes
configure:2998: checking whether gcc accepts -g
configure:3028: gcc -c -g  conftest.c >&5
configure:3034: $? = 0
configure:3133: result: yes
configure:3150: checking for gcc option to accept ISO C89
configure:3224: gcc  -c -g -O2  conftest.c >&5
configure:3230: $? = 0
configure:3253: result: none needed
configure:3290: checking for style of include used by make
configure:3318: result: GNU
configure:3346: checking dependency style of gcc
configure:3408: result: gcc3
configure:3418: checking how to run the C preprocessor
configure:3458: gcc -E  conftest.c
configure:3464: $? = 0
configure:3495: gcc -E  conftest.c
conftest.c:10:28: ac_nonexistent.h: No such file or directory
configure:3501: $? = 1
configure: failed program was:
| /* confdefs.h.  */
| #define PACKAGE_NAME "Cactid Poller"
| #define PACKAGE_TARNAME "cactid-poller"
| #define PACKAGE_VERSION "0.8.6j"
| #define PACKAGE_STRING "Cactid Poller 0.8.6j"
| #define PACKAGE_BUGREPORT "http://bugs.cacti.net"
| #define PACKAGE "cactid"
| #define VERSION "0.8.6j"
| /* end confdefs.h.  */
| #include <ac_nonexistent.h>
configure:3534: result: gcc -E
configure:3563: gcc -E  conftest.c
configure:3569: $? = 0
configure:3600: gcc -E  conftest.c
conftest.c:10:28: ac_nonexistent.h: No such file or directory
configure:3606: $? = 1
configure: failed program was:
| /* confdefs.h.  */
| #define PACKAGE_NAME "Cactid Poller"
| #define PACKAGE_TARNAME "cactid-poller"
| #define PACKAGE_VERSION "0.8.6j"
| #define PACKAGE_STRING "Cactid Poller 0.8.6j"
| #define PACKAGE_BUGREPORT "http://bugs.cacti.net"
| #define PACKAGE "cactid"
| #define VERSION "0.8.6j"
| /* end confdefs.h.  */
| #include <ac_nonexistent.h>
configure:3656: checking for a BSD-compatible install
configure:3712: result: /usr/bin/install -c
configure:3723: checking whether ln -s works
configure:3727: result: yes
configure:3777: checking for ranlib
configure:3793: found /usr/bin/ranlib
configure:3804: result: ranlib
configure:3831: checking whether to enable -Wall
configure:3842: result: no
configure:3851: checking for gethostbyname in -lnsl
configure:3886: gcc -o conftest.exe -g -O2   conftest.c -lnsl   >&5
/usr/lib/gcc/i686-pc-cygwin/3.4.4/../../../../i686-pc-cygwin/bin/ld: cannot find -lnsl
collect2: ld returned 1 exit status
configure:3892: $? = 1
configure: failed program was:
| /* confdefs.h.  */
| #define PACKAGE_NAME "Cactid Poller"
| #define PACKAGE_TARNAME "cactid-poller"
| #define PACKAGE_VERSION "0.8.6j"
| #define PACKAGE_STRING "Cactid Poller 0.8.6j"
| #define PACKAGE_BUGREPORT "http://bugs.cacti.net"
| #define PACKAGE "cactid"
| #define VERSION "0.8.6j"
| /* end confdefs.h.  */
| 
| /* Override any GCC internal prototype to avoid an error.
|    Use char because int might match the return type of a GCC
|    builtin and then its argument prototype would still apply.  */
| #ifdef __cplusplus
| extern "C"
| #endif
| char gethostbyname ();
| int
| main ()
| {
| return gethostbyname ();
|   ;
|   return 0;
| }
configure:3910: result: no
configure:3922: checking for socket in -lsocket
configure:3957: gcc -o conftest.exe -g -O2   conftest.c -lsocket   >&5
/usr/lib/gcc/i686-pc-cygwin/3.4.4/../../../../i686-pc-cygwin/bin/ld: cannot find -lsocket
collect2: ld returned 1 exit status
configure:3963: $? = 1
configure: failed program was:
| /* confdefs.h.  */
| #define PACKAGE_NAME "Cactid Poller"
| #define PACKAGE_TARNAME "cactid-poller"
| #define PACKAGE_VERSION "0.8.6j"
| #define PACKAGE_STRING "Cactid Poller 0.8.6j"
| #define PACKAGE_BUGREPORT "http://bugs.cacti.net"
| #define PACKAGE "cactid"
| #define VERSION "0.8.6j"
| /* end confdefs.h.  */
| 
| /* Override any GCC internal prototype to avoid an error.
|    Use char because int might match the return type of a GCC
|    builtin and then its argument prototype would still apply.  */
| #ifdef __cplusplus
| extern "C"
| #endif
| char socket ();
| int
| main ()
| {
| return socket ();
|   ;
|   return 0;
| }
configure:3981: result: no
configure:3993: checking for floor in -lm
configure:4028: gcc -o conftest.exe -g -O2   conftest.c -lm   >&5
conftest.c:17: warning: conflicting types for built-in function 'floor'
configure:4034: $? = 0
configure:4052: result: yes
configure:4064: checking for pthread_exit in -lpthread
configure:4099: gcc -o conftest.exe -g -O2   conftest.c -lpthread  -lm  >&5
configure:4105: $? = 0
configure:4123: result: yes
configure:4137: checking for deflate in -lz
configure:4172: gcc -o conftest.exe -g -O2   conftest.c -lz  -lpthread -lm  >&5
configure:4178: $? = 0
configure:4196: result: yes
configure:4208: checking for kstat_close in -lkstat
configure:4243: gcc -o conftest.exe -g -O2   conftest.c -lkstat  -lz -lpthread -lm  >&5
/usr/lib/gcc/i686-pc-cygwin/3.4.4/../../../../i686-pc-cygwin/bin/ld: cannot find -lkstat
collect2: ld returned 1 exit status
configure:4249: $? = 1
configure: failed program was:
| /* confdefs.h.  */
| #define PACKAGE_NAME "Cactid Poller"
| #define PACKAGE_TARNAME "cactid-poller"
| #define PACKAGE_VERSION "0.8.6j"
| #define PACKAGE_STRING "Cactid Poller 0.8.6j"
| #define PACKAGE_BUGREPORT "http://bugs.cacti.net"
| #define PACKAGE "cactid"
| #define VERSION "0.8.6j"
| #define HAVE_LIBM 1
| #define HAVE_LIBPTHREAD 1
| #define HAVE_LIBZ 1
| /* end confdefs.h.  */
| 
| /* Override any GCC internal prototype to avoid an error.
|    Use char because int might match the return type of a GCC
|    builtin and then its argument prototype would still apply.  */
| #ifdef __cplusplus
| extern "C"
| #endif
| char kstat_close ();
| int
| main ()
| {
| return kstat_close ();
|   ;
|   return 0;
| }
configure:4267: result: no
configure:4279: checking for CRYPTO_realloc in -lcrypto
configure:4314: gcc -o conftest.exe -g -O2   conftest.c -lcrypto  -lz -lpthread -lm  >&5
configure:4320: $? = 0
configure:4338: result: yes
configure:4352: checking for grep that handles long lines and -e
configure:4426: result: /usr/bin/grep
configure:4431: checking for egrep
configure:4509: result: /usr/bin/grep -E
configure:4514: checking for ANSI C header files
configure:4544: gcc -c -g -O2  conftest.c >&5
configure:4550: $? = 0
configure:4649: gcc -o conftest.exe -g -O2   conftest.c -lcrypto -lz -lpthread -lm  >&5
configure:4652: $? = 0
configure:4658: ./conftest.exe
configure:4661: $? = 0
configure:4678: result: yes
configure:4702: checking for sys/types.h
configure:4723: gcc -c -g -O2  conftest.c >&5
configure:4729: $? = 0
configure:4745: result: yes
configure:4702: checking for sys/stat.h
configure:4723: gcc -c -g -O2  conftest.c >&5
configure:4729: $? = 0
configure:4745: result: yes
configure:4702: checking for stdlib.h
configure:4723: gcc -c -g -O2  conftest.c >&5
configure:4729: $? = 0
configure:4745: result: yes
configure:4702: checking for string.h
configure:4723: gcc -c -g -O2  conftest.c >&5
configure:4729: $? = 0
configure:4745: result: yes
configure:4702: checking for memory.h
configure:4723: gcc -c -g -O2  conftest.c >&5
configure:4729: $? = 0
configure:4745: result: yes
configure:4702: checking for strings.h
configure:4723: gcc -c -g -O2  conftest.c >&5
configure:4729: $? = 0
configure:4745: result: yes
configure:4702: checking for inttypes.h
configure:4723: gcc -c -g -O2  conftest.c >&5
configure:4729: $? = 0
configure:4745: result: yes
configure:4702: checking for stdint.h
configure:4723: gcc -c -g -O2  conftest.c >&5
configure:4729: $? = 0
configure:4745: result: yes
configure:4702: checking for unistd.h
configure:4723: gcc -c -g -O2  conftest.c >&5
configure:4729: $? = 0
configure:4745: result: yes
configure:4775: checking sys/socket.h usability
configure:4792: gcc -c -g -O2  conftest.c >&5
configure:4798: $? = 0
configure:4812: result: yes
configure:4816: checking sys/socket.h presence
configure:4831: gcc -E  conftest.c
configure:4837: $? = 0
configure:4851: result: yes
configure:4884: checking for sys/socket.h
configure:4892: result: yes
configure:4775: checking sys/select.h usability
configure:4792: gcc -c -g -O2  conftest.c >&5
configure:4798: $? = 0
configure:4812: result: yes
configure:4816: checking sys/select.h presence
configure:4831: gcc -E  conftest.c
configure:4837: $? = 0
configure:4851: result: yes
configure:4884: checking for sys/select.h
configure:4892: result: yes
configure:4775: checking sys/wait.h usability
configure:4792: gcc -c -g -O2  conftest.c >&5
configure:4798: $? = 0
configure:4812: result: yes
configure:4816: checking sys/wait.h presence
configure:4831: gcc -E  conftest.c
configure:4837: $? = 0
configure:4851: result: yes
configure:4884: checking for sys/wait.h
configure:4892: result: yes
configure:4775: checking sys/time.h usability
configure:4792: gcc -c -g -O2  conftest.c >&5
configure:4798: $? = 0
configure:4812: result: yes
configure:4816: checking sys/time.h presence
configure:4831: gcc -E  conftest.c
configure:4837: $? = 0
configure:4851: result: yes
configure:4884: checking for sys/time.h
configure:4892: result: yes
configure:4926: checking assert.h usability
configure:4943: gcc -c -g -O2  conftest.c >&5
configure:4949: $? = 0
configure:4963: result: yes
configure:4967: checking assert.h presence
configure:4982: gcc -E  conftest.c
configure:4988: $? = 0
configure:5002: result: yes
configure:5035: checking for assert.h
configure:5043: result: yes
configure:4926: checking ctype.h usability
configure:4943: gcc -c -g -O2  conftest.c >&5
configure:4949: $? = 0
configure:4963: result: yes
configure:4967: checking ctype.h presence
configure:4982: gcc -E  conftest.c
configure:4988: $? = 0
configure:5002: result: yes
configure:5035: checking for ctype.h
configure:5043: result: yes
configure:4926: checking errno.h usability
configure:4943: gcc -c -g -O2  conftest.c >&5
configure:4949: $? = 0
configure:4963: result: yes
configure:4967: checking errno.h presence
configure:4982: gcc -E  conftest.c
configure:4988: $? = 0
configure:5002: result: yes
configure:5035: checking for errno.h
configure:5043: result: yes
configure:4926: checking signal.h usability
configure:4943: gcc -c -g -O2  conftest.c >&5
configure:4949: $? = 0
configure:4963: result: yes
configure:4967: checking signal.h presence
configure:4982: gcc -E  conftest.c
configure:4988: $? = 0
configure:5002: result: yes
configure:5035: checking for signal.h
configure:5043: result: yes
configure:4926: checking math.h usability
configure:4943: gcc -c -g -O2  conftest.c >&5
configure:4949: $? = 0
configure:4963: result: yes
configure:4967: checking math.h presence
configure:4982: gcc -E  conftest.c
configure:4988: $? = 0
configure:5002: result: yes
configure:5035: checking for math.h
configure:5043: result: yes
configure:4926: checking malloc.h usability
configure:4943: gcc -c -g -O2  conftest.c >&5
configure:4949: $? = 0
configure:4963: result: yes
configure:4967: checking malloc.h presence
configure:4982: gcc -E  conftest.c
configure:4988: $? = 0
configure:5002: result: yes
configure:5035: checking for malloc.h
configure:5043: result: yes
configure:4926: checking netdb.h usability
configure:4943: gcc -c -g -O2  conftest.c >&5
configure:4949: $? = 0
configure:4963: result: yes
configure:4967: checking netdb.h presence
configure:4982: gcc -E  conftest.c
configure:4988: $? = 0
configure:5002: result: yes
configure:5035: checking for netdb.h
configure:5043: result: yes
configure:5064: checking for signal.h
configure:5070: result: yes
configure:5074: checking stdarg.h usability
configure:5091: gcc -c -g -O2  conftest.c >&5
configure:5097: $? = 0
configure:5111: result: yes
configure:5115: checking stdarg.h presence
configure:5130: gcc -E  conftest.c
configure:5136: $? = 0
configure:5150: result: yes
configure:5183: checking for stdarg.h
configure:5191: result: yes
configure:5074: checking stdio.h usability
configure:5091: gcc -c -g -O2  conftest.c >&5
configure:5097: $? = 0
configure:5111: result: yes
configure:5115: checking stdio.h presence
configure:5130: gcc -E  conftest.c
configure:5136: $? = 0
configure:5150: result: yes
configure:5183: checking for stdio.h
configure:5191: result: yes
configure:5074: checking syslog.h usability
configure:5091: gcc -c -g -O2  conftest.c >&5
configure:5097: $? = 0
configure:5111: result: yes
configure:5115: checking syslog.h presence
configure:5130: gcc -E  conftest.c
configure:5136: $? = 0
configure:5150: result: yes
configure:5183: checking for syslog.h
configure:5191: result: yes
configure:5219: checking netinet/in.h usability
configure:5236: gcc -c -g -O2  conftest.c >&5
configure:5242: $? = 0
configure:5256: result: yes
configure:5260: checking netinet/in.h presence
configure:5275: gcc -E  conftest.c
configure:5281: $? = 0
configure:5295: result: yes
configure:5328: checking for netinet/in.h
configure:5336: result: yes
configure:5351: checking for unsigned long long
configure:5381: gcc -c -g -O2  conftest.c >&5
configure:5387: $? = 0
configure:5402: result: yes
configure:5412: checking for long long
configure:5442: gcc -c -g -O2  conftest.c >&5
configure:5448: $? = 0
configure:5463: result: yes
configure:5474: checking for an ANSI C-conforming const
configure:5549: gcc -c -g -O2  conftest.c >&5
configure:5555: $? = 0
configure:5570: result: yes
configure:5580: checking for size_t
configure:5610: gcc -c -g -O2  conftest.c >&5
configure:5616: $? = 0
configure:5631: result: yes
configure:5643: checking whether time.h and sys/time.h may both be included
configure:5673: gcc -c -g -O2  conftest.c >&5
configure:5679: $? = 0
configure:5694: result: yes
configure:5704: checking whether struct tm is in sys/time.h or time.h
configure:5734: gcc -c -g -O2  conftest.c >&5
configure:5740: $? = 0
configure:5755: result: time.h
configure:5767: checking return type of signal handlers
configure:5795: gcc -c -g -O2  conftest.c >&5
conftest.c: In function `main':
conftest.c:49: error: void value not ignored as it ought to be
configure:5801: $? = 1
configure: failed program was:
| /* confdefs.h.  */
| #define PACKAGE_NAME "Cactid Poller"
| #define PACKAGE_TARNAME "cactid-poller"
| #define PACKAGE_VERSION "0.8.6j"
| #define PACKAGE_STRING "Cactid Poller 0.8.6j"
| #define PACKAGE_BUGREPORT "http://bugs.cacti.net"
| #define PACKAGE "cactid"
| #define VERSION "0.8.6j"
| #define HAVE_LIBM 1
| #define HAVE_LIBPTHREAD 1
| #define HAVE_LIBZ 1
| #define HAVE_LIBCRYPTO 1
| #define STDC_HEADERS 1
| #define HAVE_SYS_TYPES_H 1
| #define HAVE_SYS_STAT_H 1
| #define HAVE_STDLIB_H 1
| #define HAVE_STRING_H 1
| #define HAVE_MEMORY_H 1
| #define HAVE_STRINGS_H 1
| #define HAVE_INTTYPES_H 1
| #define HAVE_STDINT_H 1
| #define HAVE_UNISTD_H 1
| #define HAVE_SYS_SOCKET_H 1
| #define HAVE_SYS_SELECT_H 1
| #define HAVE_SYS_WAIT_H 1
| #define HAVE_SYS_TIME_H 1
| #define HAVE_ASSERT_H 1
| #define HAVE_CTYPE_H 1
| #define HAVE_ERRNO_H 1
| #define HAVE_SIGNAL_H 1
| #define HAVE_MATH_H 1
| #define HAVE_MALLOC_H 1
| #define HAVE_NETDB_H 1
| #define HAVE_SIGNAL_H 1
| #define HAVE_STDARG_H 1
| #define HAVE_STDIO_H 1
| #define HAVE_SYSLOG_H 1
| #define HAVE_NETINET_IN_H 1
| #define HAVE_UNSIGNED_LONG_LONG 1
| #define HAVE_LONG_LONG 1
| #define TIME_WITH_SYS_TIME 1
| /* end confdefs.h.  */
| #include <sys/types.h>
| #include <signal.h>
| 
| int
| main ()
| {
| return *(signal (0, 0)) (0) == 1;
|   ;
|   return 0;
| }
configure:5816: result: void
configure:5832: checking for malloc
configure:5888: gcc -o conftest.exe -g -O2   conftest.c -lcrypto -lz -lpthread -lm  >&5
conftest.c:67: warning: conflicting types for built-in function 'malloc'
configure:5894: $? = 0
configure:5912: result: yes
configure:5832: checking for calloc
configure:5888: gcc -o conftest.exe -g -O2   conftest.c -lcrypto -lz -lpthread -lm  >&5
conftest.c:68: warning: conflicting types for built-in function 'calloc'
configure:5894: $? = 0
configure:5912: result: yes
configure:5832: checking for gettimeofday
configure:5888: gcc -o conftest.exe -g -O2   conftest.c -lcrypto -lz -lpthread -lm  >&5
configure:5894: $? = 0
configure:5912: result: yes
configure:5832: checking for strerror
configure:5888: gcc -o conftest.exe -g -O2   conftest.c -lcrypto -lz -lpthread -lm  >&5
configure:5894: $? = 0
configure:5912: result: yes
configure:5832: checking for strtoll
configure:5888: gcc -o conftest.exe -g -O2   conftest.c -lcrypto -lz -lpthread -lm  >&5
configure:5894: $? = 0
configure:5912: result: yes
configure:5988: checking for mysql_init in -lmysqlclient_r
configure:6023: gcc -o conftest.exe -I/usr/local/include/mysql -g -O2  -L/usr/local/lib/mysql  conftest.c -lmysqlclient_r  -lcrypto -lz -lpthread -lm  >&5
configure:6029: $? = 0
configure:6047: result: yes
configure:6060: checking for mysql_thread_init in -lmysqlclient_r
configure:6095: gcc -o conftest.exe -I/usr/local/include/mysql -g -O2  -L/usr/local/lib/mysql  conftest.c -lmysqlclient_r  -lmysqlclient_r -lcrypto -lz -lpthread -lm  >&5
configure:6101: $? = 0
configure:6119: result: yes
configure:6203: checking if UCD-SNMP needs crypto support
configure:6227: gcc -c -I/usr/local/include/net-snmp -I/usr/local/include/net-snmp/.. -I/usr/local/include/mysql -g -O2  conftest.c >&5
conftest.c:50:29: ucd-snmp-config.h: No such file or directory
conftest.c: In function `main':
conftest.c:54: error: `USE_OPENSSL' undeclared (first use in this function)
conftest.c:54: error: (Each undeclared identifier is reported only once
conftest.c:54: error: for each function it appears in.)
configure:6233: $? = 1
configure: failed program was:
| /* confdefs.h.  */
| #define PACKAGE_NAME "Cactid Poller"
| #define PACKAGE_TARNAME "cactid-poller"
| #define PACKAGE_VERSION "0.8.6j"
| #define PACKAGE_STRING "Cactid Poller 0.8.6j"
| #define PACKAGE_BUGREPORT "http://bugs.cacti.net"
| #define PACKAGE "cactid"
| #define VERSION "0.8.6j"
| #define HAVE_LIBM 1
| #define HAVE_LIBPTHREAD 1
| #define HAVE_LIBZ 1
| #define HAVE_LIBCRYPTO 1
| #define STDC_HEADERS 1
| #define HAVE_SYS_TYPES_H 1
| #define HAVE_SYS_STAT_H 1
| #define HAVE_STDLIB_H 1
| #define HAVE_STRING_H 1
| #define HAVE_MEMORY_H 1
| #define HAVE_STRINGS_H 1
| #define HAVE_INTTYPES_H 1
| #define HAVE_STDINT_H 1
| #define HAVE_UNISTD_H 1
| #define HAVE_SYS_SOCKET_H 1
| #define HAVE_SYS_SELECT_H 1
| #define HAVE_SYS_WAIT_H 1
| #define HAVE_SYS_TIME_H 1
| #define HAVE_ASSERT_H 1
| #define HAVE_CTYPE_H 1
| #define HAVE_ERRNO_H 1
| #define HAVE_SIGNAL_H 1
| #define HAVE_MATH_H 1
| #define HAVE_MALLOC_H 1
| #define HAVE_NETDB_H 1
| #define HAVE_SIGNAL_H 1
| #define HAVE_STDARG_H 1
| #define HAVE_STDIO_H 1
| #define HAVE_SYSLOG_H 1
| #define HAVE_NETINET_IN_H 1
| #define HAVE_UNSIGNED_LONG_LONG 1
| #define HAVE_LONG_LONG 1
| #define TIME_WITH_SYS_TIME 1
| #define RETSIGTYPE void
| #define HAVE_MALLOC 1
| #define HAVE_CALLOC 1
| #define HAVE_GETTIMEOFDAY 1
| #define HAVE_STRERROR 1
| #define HAVE_STRTOLL 1
| #define HAVE_LIBMYSQLCLIENT_R 1
| /* end confdefs.h.  */
| #include <ucd-snmp-config.h>
| int
| main ()
| {
| exit(USE_OPENSSL != 1);
|   ;
|   return 0;
| }
configure:6246: result: no
configure:6253: checking if Net-SNMP needs crypto support
configure:6276: gcc -c -I/usr/local/include/net-snmp -I/usr/local/include/net-snmp/.. -I/usr/local/include/mysql -g -O2  conftest.c >&5
configure:6282: $? = 0
configure:6287: result: yes
configure:6302: checking for snmp_timeout in -lnetsnmp
configure:6337: gcc -o conftest.exe -I/usr/local/include/net-snmp -I/usr/local/include/net-snmp/.. -I/usr/local/include/mysql -g -O2  -L/usr/local/lib -L/usr/local/lib/mysql  conftest.c -lnetsnmp  -lmysqlclient_r -lmysqlclient_r -lcrypto -lz -lpthread -lm  >&5
Info: resolving _optind by linking to __imp__optind (auto-import)
configure:6343: $? = 0
configure:6361: result: yes
configure:6453: checking whether we are using nifty popen
configure:6473: result: no
configure:6586: creating ./config.status

## ---------------- ##
## Cache variables. ##
## ---------------- ##

ac_cv_build=i686-pc-cygwin
ac_cv_c_compiler_gnu=yes
ac_cv_c_const=yes
ac_cv_env_CC_set=
ac_cv_env_CC_value=
ac_cv_env_CFLAGS_set=
ac_cv_env_CFLAGS_value=
ac_cv_env_CPPFLAGS_set=
ac_cv_env_CPPFLAGS_value=
ac_cv_env_CPP_set=
ac_cv_env_CPP_value=
ac_cv_env_LDFLAGS_set=
ac_cv_env_LDFLAGS_value=
ac_cv_env_LIBS_set=
ac_cv_env_LIBS_value=
ac_cv_env_build_alias_set=
ac_cv_env_build_alias_value=
ac_cv_env_host_alias_set=
ac_cv_env_host_alias_value=
ac_cv_env_target_alias_set=
ac_cv_env_target_alias_value=
ac_cv_exeext=.exe
ac_cv_func_calloc=yes
ac_cv_func_gettimeofday=yes
ac_cv_func_malloc=yes
ac_cv_func_strerror=yes
ac_cv_func_strtoll=yes
ac_cv_header_assert_h=yes
ac_cv_header_ctype_h=yes
ac_cv_header_errno_h=yes
ac_cv_header_inttypes_h=yes
ac_cv_header_malloc_h=yes
ac_cv_header_math_h=yes
ac_cv_header_memory_h=yes
ac_cv_header_netdb_h=yes
ac_cv_header_netinet_in_h=yes
ac_cv_header_signal_h=yes
ac_cv_header_stdarg_h=yes
ac_cv_header_stdc=yes
ac_cv_header_stdint_h=yes
ac_cv_header_stdio_h=yes
ac_cv_header_stdlib_h=yes
ac_cv_header_string_h=yes
ac_cv_header_strings_h=yes
ac_cv_header_sys_select_h=yes
ac_cv_header_sys_socket_h=yes
ac_cv_header_sys_stat_h=yes
ac_cv_header_sys_time_h=yes
ac_cv_header_sys_types_h=yes
ac_cv_header_sys_wait_h=yes
ac_cv_header_syslog_h=yes
ac_cv_header_time=yes
ac_cv_header_unistd_h=yes
ac_cv_host=i686-pc-cygwin
ac_cv_lib_crypto_CRYPTO_realloc=yes
ac_cv_lib_kstat_kstat_close=no
ac_cv_lib_m_floor=yes
ac_cv_lib_mysqlclient_r_mysql_init=yes
ac_cv_lib_mysqlclient_r_mysql_thread_init=yes
ac_cv_lib_netsnmp_snmp_timeout=yes
ac_cv_lib_nsl_gethostbyname=no
ac_cv_lib_pthread_pthread_exit=yes
ac_cv_lib_socket_socket=no
ac_cv_lib_z_deflate=yes
ac_cv_objext=o
ac_cv_path_EGREP='/usr/bin/grep -E'
ac_cv_path_GREP=/usr/bin/grep
ac_cv_path_install='/usr/bin/install -c'
ac_cv_prog_AWK=gawk
ac_cv_prog_CPP='gcc -E'
ac_cv_prog_ac_ct_CC=gcc
ac_cv_prog_ac_ct_RANLIB=ranlib
ac_cv_prog_cc_c89=
ac_cv_prog_cc_g=yes
ac_cv_prog_make_make_set=yes
ac_cv_struct_tm=time.h
ac_cv_type_long_long=yes
ac_cv_type_signal=void
ac_cv_type_size_t=yes
ac_cv_type_unsigned_long_long=yes
am_cv_CC_dependencies_compiler_type=gcc3

## ----------------- ##
## Output variables. ##
## ----------------- ##

ACLOCAL='${SHELL} /src/cactid-0.8.6j-beta2/config/missing --run aclocal-1.6'
AMDEPBACKSLASH='\'
AMDEP_FALSE='#'
AMDEP_TRUE=''
AMTAR='${SHELL} /src/cactid-0.8.6j-beta2/config/missing --run tar'
AUTOCONF='${SHELL} /src/cactid-0.8.6j-beta2/config/missing --run autoconf'
AUTOHEADER='${SHELL} /src/cactid-0.8.6j-beta2/config/missing --run autoheader'
AUTOMAKE='${SHELL} /src/cactid-0.8.6j-beta2/config/missing --run automake-1.6'
AWK='gawk'
CC='gcc'
CCDEPMODE='depmode=gcc3'
CFLAGS='-I/usr/local/include/net-snmp -I/usr/local/include/net-snmp/.. -I/usr/local/include/mysql -g -O2'
CPP='gcc -E'
CPPFLAGS=''
DEFS='-DHAVE_CONFIG_H'
DEPDIR='.deps'
ECHO_C=''
ECHO_N='-n'
ECHO_T=''
EGREP='/usr/bin/grep -E'
EXEEXT='.exe'
GREP='/usr/bin/grep'
INSTALL_DATA='${INSTALL} -m 644'
INSTALL_PROGRAM='${INSTALL}'
INSTALL_SCRIPT='${INSTALL}'
INSTALL_STRIP_PROGRAM='${SHELL} $(install_sh) -c -s'
LDFLAGS='-L/usr/local/lib -L/usr/local/lib/mysql '
LIBOBJS=''
LIBS='-lnetsnmp -lmysqlclient_r -lmysqlclient_r -lcrypto -lz -lpthread -lm '
LN_S='ln -s'
LTLIBOBJS=''
MAKEINFO='${SHELL} /src/cactid-0.8.6j-beta2/config/missing --run makeinfo'
OBJEXT='o'
PACKAGE='cactid'
PACKAGE_BUGREPORT='http://bugs.cacti.net'
PACKAGE_NAME='Cactid Poller'
PACKAGE_STRING='Cactid Poller 0.8.6j'
PACKAGE_TARNAME='cactid-poller'
PACKAGE_VERSION='0.8.6j'
PATH_SEPARATOR=':'
RANLIB='ranlib'
SET_MAKE=''
SHELL='/bin/sh'
STRIP=''
VERSION='0.8.6j'
ac_aux_dir='config'
ac_ct_CC='gcc'
am__include='include'
am__quote=''
bindir='${exec_prefix}/bin'
build='i686-pc-cygwin'
build_alias=''
build_cpu='i686'
build_os='cygwin'
build_vendor='pc'
datadir='${datarootdir}'
datarootdir='${prefix}/share'
docdir='${datarootdir}/doc/${PACKAGE_TARNAME}'
dvidir='${docdir}'
exec_prefix='${prefix}'
host='i686-pc-cygwin'
host_alias=''
host_cpu='i686'
host_os='cygwin'
host_vendor='pc'
htmldir='${docdir}'
includedir='${prefix}/include'
infodir='${datarootdir}/info'
install_sh='/src/cactid-0.8.6j-beta2/config/install-sh'
libdir='${exec_prefix}/lib'
libexecdir='${exec_prefix}/libexec'
localedir='${datarootdir}/locale'
localstatedir='${prefix}/var'
mandir='${datarootdir}/man'
oldincludedir='/usr/include'
pdfdir='${docdir}'
prefix='/usr/local/cactid'
program_transform_name='s,x,x,'
psdir='${docdir}'
sbindir='${exec_prefix}/sbin'
sharedstatedir='${prefix}/com'
sysconfdir='${prefix}/etc'
target_alias=''

## ----------- ##
## confdefs.h. ##
## ----------- ##

#define PACKAGE_NAME "Cactid Poller"
#define PACKAGE_TARNAME "cactid-poller"
#define PACKAGE_VERSION "0.8.6j"
#define PACKAGE_STRING "Cactid Poller 0.8.6j"
#define PACKAGE_BUGREPORT "http://bugs.cacti.net"
#define PACKAGE "cactid"
#define VERSION "0.8.6j"
#define HAVE_LIBM 1
#define HAVE_LIBPTHREAD 1
#define HAVE_LIBZ 1
#define HAVE_LIBCRYPTO 1
#define STDC_HEADERS 1
#define HAVE_SYS_TYPES_H 1
#define HAVE_SYS_STAT_H 1
#define HAVE_STDLIB_H 1
#define HAVE_STRING_H 1
#define HAVE_MEMORY_H 1
#define HAVE_STRINGS_H 1
#define HAVE_INTTYPES_H 1
#define HAVE_STDINT_H 1
#define HAVE_UNISTD_H 1
#define HAVE_SYS_SOCKET_H 1
#define HAVE_SYS_SELECT_H 1
#define HAVE_SYS_WAIT_H 1
#define HAVE_SYS_TIME_H 1
#define HAVE_ASSERT_H 1
#define HAVE_CTYPE_H 1
#define HAVE_ERRNO_H 1
#define HAVE_SIGNAL_H 1
#define HAVE_MATH_H 1
#define HAVE_MALLOC_H 1
#define HAVE_NETDB_H 1
#define HAVE_SIGNAL_H 1
#define HAVE_STDARG_H 1
#define HAVE_STDIO_H 1
#define HAVE_SYSLOG_H 1
#define HAVE_NETINET_IN_H 1
#define HAVE_UNSIGNED_LONG_LONG 1
#define HAVE_LONG_LONG 1
#define TIME_WITH_SYS_TIME 1
#define RETSIGTYPE void
#define HAVE_MALLOC 1
#define HAVE_CALLOC 1
#define HAVE_GETTIMEOFDAY 1
#define HAVE_STRERROR 1
#define HAVE_STRTOLL 1
#define HAVE_LIBMYSQLCLIENT_R 1
#define USE_NET_SNMP 1

configure: exit 0

## ---------------------- ##
## Running config.status. ##
## ---------------------- ##

This file was extended by Cactid Poller config.status 0.8.6j, which was
generated by GNU Autoconf 2.61.  Invocation command line was

  CONFIG_FILES    = 
  CONFIG_HEADERS  = 
  CONFIG_LINKS    = 
  CONFIG_COMMANDS = 
  $ ./config.status Makefile depfiles

on ladams

config.status:637: creating Makefile
config.status:772: WARNING:  Makefile.in seems to ignore the --datarootdir setting
config.status:909: executing depfiles commands

## ---------------------- ##
## Running config.status. ##
## ---------------------- ##

This file was extended by Cactid Poller config.status 0.8.6j, which was
generated by GNU Autoconf 2.61.  Invocation command line was

  CONFIG_FILES    = 
  CONFIG_HEADERS  = 
  CONFIG_LINKS    = 
  CONFIG_COMMANDS = 
  $ ./config.status config/config.h

on ladams

config.status:637: creating config/config.h
config.status:896: config/config.h is unchanged
